Build started 2017/8/13 14:16:50.
     1>Project "E:\LeetCode\cplusplus\Solution\Solution\Solution.vcxproj" on node 2 (Build target(s)).
     1>ClCompile:
         D:\VisualStudio2013\VC\bin\CL.exe /c /ZI /nologo /W3 /WX- /sdl /Od /Oy- /D WIN32 /D _DEBUG /D _CONSOLE /D _LIB /D _UNICODE /D UNICODE /Gm /EHsc /RTC1 /MDd /GS /fp:precise /Zc:wchar_t /Zc:forScope /Fo"Debug\\" /Fd"Debug\vc120.pdb" /Gd /TP /analyze- /errorReport:prompt In1.cpp
         In1.cpp
       Link:
         D:\VisualStudio2013\VC\bin\link.exe /ERRORREPORT:PROMPT /OUT:"E:\LeetCode\cplusplus\Solution\Debug\Solution.exe" /INCREMENTAL /NOLOGO opencv_calib3d2410d.lib opencv_contrib2410d.lib opencv_core2410d.lib opencv_features2d2410d.lib opencv_flann2410d.lib opencv_gpu2410d.lib opencv_highgui2410d.lib opencv_imgproc2410d.lib opencv_legacy2410d.lib opencv_ml2410d.lib opencv_nonfree2410d.lib opencv_objdetect2410d.lib opencv_ocl2410d.lib opencv_photo2410d.lib opencv_stitching2410d.lib opencv_superres2410d.lib opencv_ts2410d.lib opencv_video2410d.lib opencv_videostab2410d.lib opencv_calib3d2410.lib opencv_contrib2410.lib opencv_core2410.lib opencv_features2d2410.lib opencv_flann2410.lib opencv_gpu2410.lib opencv_highgui2410.lib opencv_imgproc2410.lib opencv_legacy2410.lib opencv_ml2410.lib opencv_nonfree2410.lib opencv_objdetect2410.lib opencv_ocl2410.lib opencv_photo2410.lib opencv_stitching2410.lib opencv_superres2410.lib opencv_ts2410.lib opencv_video2410.lib opencv_videostab2410.lib kernel32.lib user32.lib gdi32.lib winspool.lib comdlg32.lib advapi32.lib shell32.lib ole32.lib oleaut32.lib uuid.lib odbc32.lib odbccp32.lib /MANIFEST /MANIFESTUAC:"level='asInvoker' uiAccess='false'" /manifest:embed /DEBUG /PDB:"E:\LeetCode\cplusplus\Solution\Debug\Solution.pdb" /SUBSYSTEM:CONSOLE /TLBID:1 /DYNAMICBASE /NXCOMPAT /IMPLIB:"E:\LeetCode\cplusplus\Solution\Debug\Solution.lib" /MACHINE:X86 Debug\2KeysKeyboard.obj
         Debug\3Sum.obj
         Debug\3SumClosest.obj
         Debug\4KeysKeyboard.obj
         Debug\4Sum.obj
         Debug\AddTwoNumbers.obj
         Debug\AddTwoNumbersII.obj
         Debug\ArithmeticSlices.obj
         Debug\ArrayNesting.obj
         Debug\ArrayPartitionI.obj
         Debug\BestTimetoBuyandSellStock.obj
         Debug\BestTimetoBuyandSellStockII.obj
         Debug\BestTimetoBuyandSellStockIII.obj
         Debug\BinaryWatch.obj
         Debug\BurstBalloons.obj
         Debug\CanPlaceFlowers.obj
         Debug\CombinationSum.obj
         Debug\CombinationSumII.obj
         Debug\CombinationSumIII.obj
         Debug\CombinationSumIV.obj
         Debug\ConstructBinaryTreefromInorderandPostorderTraversal.obj
         Debug\ConstructBinaryTreefromPreorderandInorderTraversal.obj
         Debug\ContainerWithMostWater.obj
         Debug\ContainsDuplicate.obj
         Debug\ContainsDuplicateII.obj
         Debug\ConvertSortedArraytoBinarySearchTree.obj
         Debug\ConvertSortedListtoBinarySearchTree.obj
         Debug\CopyListwithRandomPointer.obj
         Debug\CountingBits.obj
         Debug\CountNumberswithUniqueDigits.obj
         Debug\DeleteNodeinaLinkedList.obj
         Debug\FindMinimuminRotatedSortedArray.obj
         Debug\FindMinimuminRotatedSortedArrayII.obj
         Debug\FindPeakElement.obj
         Debug\FindtheDuplicateNumber.obj
         Debug\FirstMissingPositive.obj
         Debug\GameofLife.obj
         Debug\HammingDistance.obj
         Debug\In1.obj
         "Debug\InsertDeleteGetRandomO(1).obj"
         Debug\InsertInterval.obj
         Debug\InsertionSortList.obj
         Debug\IntegerBreak.obj
         Debug\IntersectionofTwoLinkedLists.obj
         Debug\IsSubsequence.obj
         Debug\JumpGame.obj
         Debug\JumpGameII.obj
         "Debug\K-diffPairsinanArray.obj"
         Debug\LargestRectangleinHistogram.obj
         Debug\LinkedListCycle.obj
         Debug\LinkedListCycleII.obj
         Debug\LongestConsecutiveSequence.obj
         Debug\LongestPalindromicSubsequence.obj
         Debug\MajorityElement.obj
         Debug\MajorityElementII.obj
         Debug\MaxConsecutiveOnes.obj
         Debug\MaximalRectangle.obj
         Debug\MaximumAverageSubarrayII.obj
         Debug\MaximumLengthofPairChain.obj
         Debug\MaximumProductofThreeNumbers.obj
         Debug\MaximumProductSubarray.obj
         Debug\MaximumSubarray.obj
         Debug\MedianofTwoSortedArrays.obj
         Debug\MergeIntervals.obj
         Debug\MergekSortedLists.obj
         Debug\MergeSortedArray.obj
         Debug\MergeTwoBinaryTrees.obj
         Debug\MergeTwoSortedLists.obj
         Debug\MinimumPathSum.obj
         Debug\MinimumSizeSubarraySum.obj
         Debug\MoveZeroes.obj
         Debug\NextPermutation.obj
         Debug\Numberof1Bits.obj
         Debug\OddEvenLinkedList.obj
         Debug\PalindromeLinkedList.obj
         Debug\PalindromicSubstrings.obj
         Debug\PartitionList.obj
         Debug\PascalTriangle.obj
         Debug\PascalTriangleII.obj
         Debug\PlusOne.obj
         Debug\PowerofFour.obj
         Debug\PowerofThree.obj
         Debug\PowerofTwo.obj
         Debug\PredicttheWinner.obj
         Debug\ProductofArrayExceptSelf.obj
         Debug\RemoveDuplicatesfromSortedArray.obj
         Debug\RemoveDuplicatesfromSortedArrayII.obj
         Debug\RemoveDuplicatesfromSortedList.obj
         Debug\RemoveDuplicatesfromSortedListII.obj
         Debug\RemoveElement.obj
         Debug\RemoveLinkeListElements.obj
         Debug\RemoveNthNodeFromEndofList.obj
         Debug\ReorderList.obj
         Debug\ReshapetheMatrix.obj
         Debug\ReverseBits.obj
         Debug\ReverseLinkedList.obj
         Debug\ReverseLinkedListII.obj
         Debug\ReverseNodesink_Group.obj
         Debug\RotateArray.obj
         Debug\RotateImage.obj
         Debug\RotateList.obj
         Debug\Searcha2DMatrix.obj
         Debug\SearchforaRange.obj
         Debug\SearchinRotatedSortedArray.obj
         Debug\SearchinRotatedSortedArrayII.obj
         Debug\SearchInsertPosition.obj
         Debug\SetMatrixZeroes.obj
         Debug\ShortestUnsortedContinuousSubarray.obj
         Debug\SortColors.obj
         Debug\SortList.obj
         Debug\SpiralMatrix.obj
         Debug\SpiralMatrixII.obj
         Debug\SubarraySumEqualsK.obj
         Debug\Subsets.obj
         Debug\SubsetsII.obj
         Debug\SummaryRanges.obj
         Debug\SwapNodesinPairs.obj
         Debug\TargetSum.obj
         Debug\TaskScheduler.obj
         Debug\TeemoAttacking.obj
         Debug\ThirdMaximumNumber.obj
         Debug\TotalHammingDistance.obj
         Debug\TrappingRainWater.obj
         Debug\Triangle.obj
         Debug\TwoSum.obj
         Debug\TwoSumII_Inputarrayissorted.obj
         Debug\UniquePaths.obj
         Debug\UniquePathsII.obj
         Debug\ValidTriangleNumber.obj
         Debug\WordLadderII.obj
         Debug\WordSearch.obj
         Solution.vcxproj -> E:\LeetCode\cplusplus\Solution\Debug\Solution.exe
     1>Done Building Project "E:\LeetCode\cplusplus\Solution\Solution\Solution.vcxproj" (Build target(s)).

Build succeeded.

Time Elapsed 00:00:01.30
